Performing C SOURCE FILE Test CMAKE_HAVE_LIBC_PTHREAD failed with the following output:
Change Dir: /home/marquez/Desktop/EEL6591/simulator/ns-3-dev/cmake_cache/CMakeFiles/CMakeTmp

Run Build Command(s):/usr/bin/make cmTC_aed05/fast && /usr/bin/make -f CMakeFiles/cmTC_aed05.dir/build.make CMakeFiles/cmTC_aed05.dir/build
make[1]: Entering directory '/home/marquez/Desktop/EEL6591/simulator/ns-3-dev/cmake_cache/CMakeFiles/CMakeTmp'
Building C object CMakeFiles/cmTC_aed05.dir/src.c.o
/usr/bin/cc   -DCMAKE_HAVE_LIBC_PTHREAD -fPIE   -o CMakeFiles/cmTC_aed05.dir/src.c.o   -c /home/marquez/Desktop/EEL6591/simulator/ns-3-dev/cmake_cache/CMakeFiles/CMakeTmp/src.c
Linking C executable cmTC_aed05
/usr/bin/cmake -E cmake_link_script CMakeFiles/cmTC_aed05.dir/link.txt --verbose=1
/usr/bin/cc  -DCMAKE_HAVE_LIBC_PTHREAD    CMakeFiles/cmTC_aed05.dir/src.c.o  -o cmTC_aed05 
/usr/bin/ld: CMakeFiles/cmTC_aed05.dir/src.c.o: in function `main':
src.c:(.text+0x46): undefined reference to `pthread_create'
/usr/bin/ld: src.c:(.text+0x52): undefined reference to `pthread_detach'
/usr/bin/ld: src.c:(.text+0x63): undefined reference to `pthread_join'
collect2: error: ld returned 1 exit status
make[1]: *** [CMakeFiles/cmTC_aed05.dir/build.make:87: cmTC_aed05] Error 1
make[1]: Leaving directory '/home/marquez/Desktop/EEL6591/simulator/ns-3-dev/cmake_cache/CMakeFiles/CMakeTmp'
make: *** [Makefile:121: cmTC_aed05/fast] Error 2


Source file was:
#include <pthread.h>

void* test_func(void* data)
{
  return data;
}

int main(void)
{
  pthread_t thread;
  pthread_create(&thread, NULL, test_func, NULL);
  pthread_detach(thread);
  pthread_join(thread, NULL);
  pthread_atfork(NULL, NULL, NULL);
  pthread_exit(NULL);

  return 0;
}

Determining if the function pthread_create exists in the pthreads failed with the following output:
Change Dir: /home/marquez/Desktop/EEL6591/simulator/ns-3-dev/cmake_cache/CMakeFiles/CMakeTmp

Run Build Command(s):/usr/bin/make cmTC_7c8bb/fast && /usr/bin/make -f CMakeFiles/cmTC_7c8bb.dir/build.make CMakeFiles/cmTC_7c8bb.dir/build
make[1]: Entering directory '/home/marquez/Desktop/EEL6591/simulator/ns-3-dev/cmake_cache/CMakeFiles/CMakeTmp'
Building C object CMakeFiles/cmTC_7c8bb.dir/CheckFunctionExists.c.o
/usr/bin/cc   -DCHECK_FUNCTION_EXISTS=pthread_create -fPIE   -o CMakeFiles/cmTC_7c8bb.dir/CheckFunctionExists.c.o   -c /usr/share/cmake-3.16/Modules/CheckFunctionExists.c
Linking C executable cmTC_7c8bb
/usr/bin/cmake -E cmake_link_script CMakeFiles/cmTC_7c8bb.dir/link.txt --verbose=1
/usr/bin/cc  -DCHECK_FUNCTION_EXISTS=pthread_create    CMakeFiles/cmTC_7c8bb.dir/CheckFunctionExists.c.o  -o cmTC_7c8bb  -lpthreads 
/usr/bin/ld: cannot find -lpthreads
collect2: error: ld returned 1 exit status
make[1]: *** [CMakeFiles/cmTC_7c8bb.dir/build.make:87: cmTC_7c8bb] Error 1
make[1]: Leaving directory '/home/marquez/Desktop/EEL6591/simulator/ns-3-dev/cmake_cache/CMakeFiles/CMakeTmp'
make: *** [Makefile:121: cmTC_7c8bb/fast] Error 2



Determining size of int128_t failed with the following output:
Change Dir: /home/marquez/Desktop/EEL6591/simulator/ns-3-dev/cmake_cache/CMakeFiles/CMakeTmp

Run Build Command(s):/usr/bin/make cmTC_26d12/fast && /usr/bin/make -f CMakeFiles/cmTC_26d12.dir/build.make CMakeFiles/cmTC_26d12.dir/build
make[1]: Entering directory '/home/marquez/Desktop/EEL6591/simulator/ns-3-dev/cmake_cache/CMakeFiles/CMakeTmp'
Building C object CMakeFiles/cmTC_26d12.dir/int128_t_HAVEint128_t.c.o
/usr/bin/cc   -fPIE   -o CMakeFiles/cmTC_26d12.dir/int128_t_HAVEint128_t.c.o   -c /home/marquez/Desktop/EEL6591/simulator/ns-3-dev/cmake_cache/CMakeFiles/CheckTypeSize/int128_t_HAVEint128_t.c
/home/marquez/Desktop/EEL6591/simulator/ns-3-dev/cmake_cache/CMakeFiles/CheckTypeSize/int128_t_HAVEint128_t.c:23:22: error: ‘int128_t’ undeclared here (not in a function); did you mean ‘int32_t’?
   23 | #define SIZE (sizeof(int128_t))
      |                      ^~~~~~~~
/home/marquez/Desktop/EEL6591/simulator/ns-3-dev/cmake_cache/CMakeFiles/CheckTypeSize/int128_t_HAVEint128_t.c:25:12: note: in expansion of macro ‘SIZE’
   25 |   ('0' + ((SIZE / 10000)%10)),
      |            ^~~~
make[1]: *** [CMakeFiles/cmTC_26d12.dir/build.make:66: CMakeFiles/cmTC_26d12.dir/int128_t_HAVEint128_t.c.o] Error 1
make[1]: Leaving directory '/home/marquez/Desktop/EEL6591/simulator/ns-3-dev/cmake_cache/CMakeFiles/CMakeTmp'
make: *** [Makefile:121: cmTC_26d12/fast] Error 2


/home/marquez/Desktop/EEL6591/simulator/ns-3-dev/cmake_cache/CMakeFiles/CheckTypeSize/int128_t_HAVEint128_t.c:
#include <sys/types.h>
#include <stdint.h>
#include <stddef.h>


#undef KEY
#if defined(__i386)
# define KEY '_','_','i','3','8','6'
#elif defined(__x86_64)
# define KEY '_','_','x','8','6','_','6','4'
#elif defined(__ppc__)
# define KEY '_','_','p','p','c','_','_'
#elif defined(__ppc64__)
# define KEY '_','_','p','p','c','6','4','_','_'
#elif defined(__aarch64__)
# define KEY '_','_','a','a','r','c','h','6','4','_','_'
#elif defined(__ARM_ARCH_7A__)
# define KEY '_','_','A','R','M','_','A','R','C','H','_','7','A','_','_'
#elif defined(__ARM_ARCH_7S__)
# define KEY '_','_','A','R','M','_','A','R','C','H','_','7','S','_','_'
#endif

#define SIZE (sizeof(int128_t))
static char info_size[] =  {'I', 'N', 'F', 'O', ':', 's','i','z','e','[',
  ('0' + ((SIZE / 10000)%10)),
  ('0' + ((SIZE / 1000)%10)),
  ('0' + ((SIZE / 100)%10)),
  ('0' + ((SIZE / 10)%10)),
  ('0' +  (SIZE    % 10)),
  ']',
#ifdef KEY
  ' ','k','e','y','[', KEY, ']',
#endif
  '\0'};

#ifdef __CLASSIC_C__
int main(argc, argv) int argc; char *argv[];
#else
int main(int argc, char *argv[])
#endif
{
  int require = 0;
  require += info_size[argc];
  (void)argv;
  return require;
}


Determining size of uint128_t failed with the following output:
Change Dir: /home/marquez/Desktop/EEL6591/simulator/ns-3-dev/cmake_cache/CMakeFiles/CMakeTmp

Run Build Command(s):/usr/bin/make cmTC_0bc55/fast && /usr/bin/make -f CMakeFiles/cmTC_0bc55.dir/build.make CMakeFiles/cmTC_0bc55.dir/build
make[1]: Entering directory '/home/marquez/Desktop/EEL6591/simulator/ns-3-dev/cmake_cache/CMakeFiles/CMakeTmp'
Building C object CMakeFiles/cmTC_0bc55.dir/uint128_t_HAVEuint128_t.c.o
/usr/bin/cc   -fPIE   -o CMakeFiles/cmTC_0bc55.dir/uint128_t_HAVEuint128_t.c.o   -c /home/marquez/Desktop/EEL6591/simulator/ns-3-dev/cmake_cache/CMakeFiles/CheckTypeSize/uint128_t_HAVEuint128_t.c
/home/marquez/Desktop/EEL6591/simulator/ns-3-dev/cmake_cache/CMakeFiles/CheckTypeSize/uint128_t_HAVEuint128_t.c:23:22: error: ‘uint128_t’ undeclared here (not in a function); did you mean ‘uint32_t’?
   23 | #define SIZE (sizeof(uint128_t))
      |                      ^~~~~~~~~
/home/marquez/Desktop/EEL6591/simulator/ns-3-dev/cmake_cache/CMakeFiles/CheckTypeSize/uint128_t_HAVEuint128_t.c:25:12: note: in expansion of macro ‘SIZE’
   25 |   ('0' + ((SIZE / 10000)%10)),
      |            ^~~~
make[1]: *** [CMakeFiles/cmTC_0bc55.dir/build.make:66: CMakeFiles/cmTC_0bc55.dir/uint128_t_HAVEuint128_t.c.o] Error 1
make[1]: Leaving directory '/home/marquez/Desktop/EEL6591/simulator/ns-3-dev/cmake_cache/CMakeFiles/CMakeTmp'
make: *** [Makefile:121: cmTC_0bc55/fast] Error 2


/home/marquez/Desktop/EEL6591/simulator/ns-3-dev/cmake_cache/CMakeFiles/CheckTypeSize/uint128_t_HAVEuint128_t.c:
#include <sys/types.h>
#include <stdint.h>
#include <stddef.h>


#undef KEY
#if defined(__i386)
# define KEY '_','_','i','3','8','6'
#elif defined(__x86_64)
# define KEY '_','_','x','8','6','_','6','4'
#elif defined(__ppc__)
# define KEY '_','_','p','p','c','_','_'
#elif defined(__ppc64__)
# define KEY '_','_','p','p','c','6','4','_','_'
#elif defined(__aarch64__)
# define KEY '_','_','a','a','r','c','h','6','4','_','_'
#elif defined(__ARM_ARCH_7A__)
# define KEY '_','_','A','R','M','_','A','R','C','H','_','7','A','_','_'
#elif defined(__ARM_ARCH_7S__)
# define KEY '_','_','A','R','M','_','A','R','C','H','_','7','S','_','_'
#endif

#define SIZE (sizeof(uint128_t))
static char info_size[] =  {'I', 'N', 'F', 'O', ':', 's','i','z','e','[',
  ('0' + ((SIZE / 10000)%10)),
  ('0' + ((SIZE / 1000)%10)),
  ('0' + ((SIZE / 100)%10)),
  ('0' + ((SIZE / 10)%10)),
  ('0' +  (SIZE    % 10)),
  ']',
#ifdef KEY
  ' ','k','e','y','[', KEY, ']',
#endif
  '\0'};

#ifdef __CLASSIC_C__
int main(argc, argv) int argc; char *argv[];
#else
int main(int argc, char *argv[])
#endif
{
  int require = 0;
  require += info_size[argc];
  (void)argv;
  return require;
}


Determining if the include file stat.h exists failed with the following output:
Change Dir: /home/marquez/Desktop/EEL6591/simulator/ns-3-dev/cmake_cache/CMakeFiles/CMakeTmp

Run Build Command(s):/usr/bin/make cmTC_75bd8/fast && /usr/bin/make -f CMakeFiles/cmTC_75bd8.dir/build.make CMakeFiles/cmTC_75bd8.dir/build
make[1]: Entering directory '/home/marquez/Desktop/EEL6591/simulator/ns-3-dev/cmake_cache/CMakeFiles/CMakeTmp'
Building CXX object CMakeFiles/cmTC_75bd8.dir/CheckIncludeFile.cxx.o
/usr/bin/c++    -fPIE   -std=gnu++17 -o CMakeFiles/cmTC_75bd8.dir/CheckIncludeFile.cxx.o -c /home/marquez/Desktop/EEL6591/simulator/ns-3-dev/cmake_cache/CMakeFiles/CMakeTmp/CheckIncludeFile.cxx
/home/marquez/Desktop/EEL6591/simulator/ns-3-dev/cmake_cache/CMakeFiles/CMakeTmp/CheckIncludeFile.cxx:1:10: fatal error: stat.h: No such file or directory
    1 | #include <stat.h>
      |          ^~~~~~~~
compilation terminated.
make[1]: *** [CMakeFiles/cmTC_75bd8.dir/build.make:66: CMakeFiles/cmTC_75bd8.dir/CheckIncludeFile.cxx.o] Error 1
make[1]: Leaving directory '/home/marquez/Desktop/EEL6591/simulator/ns-3-dev/cmake_cache/CMakeFiles/CMakeTmp'
make: *** [Makefile:121: cmTC_75bd8/fast] Error 2



Determining if the include file net/netmap_user.h exists failed with the following output:
Change Dir: /home/marquez/Desktop/EEL6591/simulator/ns-3-dev/cmake_cache/CMakeFiles/CMakeTmp

Run Build Command(s):/usr/bin/make cmTC_43ed4/fast && /usr/bin/make -f CMakeFiles/cmTC_43ed4.dir/build.make CMakeFiles/cmTC_43ed4.dir/build
make[1]: Entering directory '/home/marquez/Desktop/EEL6591/simulator/ns-3-dev/cmake_cache/CMakeFiles/CMakeTmp'
Building CXX object CMakeFiles/cmTC_43ed4.dir/CheckIncludeFile.cxx.o
/usr/bin/c++    -fPIE   -std=gnu++17 -o CMakeFiles/cmTC_43ed4.dir/CheckIncludeFile.cxx.o -c /home/marquez/Desktop/EEL6591/simulator/ns-3-dev/cmake_cache/CMakeFiles/CMakeTmp/CheckIncludeFile.cxx
/home/marquez/Desktop/EEL6591/simulator/ns-3-dev/cmake_cache/CMakeFiles/CMakeTmp/CheckIncludeFile.cxx:1:10: fatal error: net/netmap_user.h: No such file or directory
    1 | #include <net/netmap_user.h>
      |          ^~~~~~~~~~~~~~~~~~~
compilation terminated.
make[1]: *** [CMakeFiles/cmTC_43ed4.dir/build.make:66: CMakeFiles/cmTC_43ed4.dir/CheckIncludeFile.cxx.o] Error 1
make[1]: Leaving directory '/home/marquez/Desktop/EEL6591/simulator/ns-3-dev/cmake_cache/CMakeFiles/CMakeTmp'
make: *** [Makefile:121: cmTC_43ed4/fast] Error 2



